23/01/23 12:57:30 PM Monday - WebDriverClass - INFO : Chrome Driver as initializing
23/01/23 12:57:33 PM Monday - <module> - INFO : Web Page Launched
23/01/23 02:38:20 PM Monday - WebDriverClass - INFO : Chrome Driver as initializing
23/01/23 02:38:42 PM Monday - WebDriverClass - INFO : Chrome Driver as initializing
23/01/23 02:38:44 PM Monday - BaseClass - INFO : Web Page Launched with URL : http://www.dummypoint.com/seleniumtemplate.html
23/01/23 02:38:44 PM Monday - <module> - INFO : Web Page Launched
23/01/23 03:40:37 PM Monday - WebDriverClass - INFO : Chrome Driver as initializing
23/01/23 03:40:39 PM Monday - BaseClass - INFO : Web Page Launched with URL : http://www.dummypoint.com/seleniumtemplate.html
23/01/23 03:41:38 PM Monday - WebDriverClass - INFO : Chrome Driver as initializing
23/01/23 03:41:42 PM Monday - BaseClass - INFO : Web Page Launched with URL : http://www.dummypoint.com/seleniumtemplate.html
23/01/23 03:41:42 PM Monday - BaseClass - ERROR : WebElement not found with locator value FORM using LocatorType link
23/01/23 03:41:42 PM Monday - BaseClass - ERROR : Unable to Click on WebElement with locator value FORM using LocatorType link
23/01/23 03:44:13 PM Monday - WebDriverClass - INFO : Chrome Driver as initializing
23/01/23 03:44:15 PM Monday - BaseClass - INFO : Web Page Launched with URL : http://www.dummypoint.com/seleniumtemplate.html
23/01/23 03:44:15 PM Monday - BaseClass - ERROR : WebElement not found with locator value FORM using LocatorType plink
23/01/23 03:44:15 PM Monday - BaseClass - ERROR : Unable to Click on WebElement with locator value FORM using LocatorType plink
23/01/23 03:45:11 PM Monday - WebDriverClass - INFO : Chrome Driver as initializing
23/01/23 03:45:13 PM Monday - BaseClass - INFO : Web Page Launched with URL : http://www.dummypoint.com/seleniumtemplate.html
23/01/23 03:45:13 PM Monday - BaseClass - ERROR : WebElement not found with locator value user_input using LocatorType id
23/01/23 03:45:13 PM Monday - BaseClass - ERROR : Unable to Sent the text Code in WebElement with locator value user_inputusing LocatorType id
23/01/23 03:53:38 PM Monday - WebDriverClass - INFO : Chrome Driver as initializing
23/01/23 03:53:40 PM Monday - BaseClass - INFO : Web Page Launched with URL : http://www.dummypoint.com/seleniumtemplate.html
23/01/23 03:53:40 PM Monday - BaseClass - INFO : WebElement found with locator value user_input using LocatorType id
23/01/23 03:53:40 PM Monday - BaseClass - INFO : Sent the text Code in WebElement with locator value user_input using LocatorType id
23/01/23 03:54:14 PM Monday - WebDriverClass - INFO : Chrome Driver as initializing
23/01/23 03:54:16 PM Monday - BaseClass - INFO : Web Page Launched with URL : http://www.dummypoint.com/seleniumtemplate.html
23/01/23 03:54:41 PM Monday - BaseClass - ERROR : WebElement not found with locator value FORM using LocatorType link
23/01/23 03:54:41 PM Monday - BaseClass - ERROR : Unable to Click on WebElement with locator value FORM using LocatorType link
23/01/23 03:55:42 PM Monday - WebDriverClass - INFO : Chrome Driver as initializing
23/01/23 03:55:45 PM Monday - BaseClass - INFO : Web Page Launched with URL : http://www.dummypoint.com/seleniumtemplate.html
23/01/23 03:55:45 PM Monday - BaseClass - INFO : WebElement found with locator value Form using LocatorType plink
23/01/23 03:55:45 PM Monday - BaseClass - INFO : Clicked on WebElement with locator value Form using LocatorType plink
23/01/23 04:02:07 PM Monday - WebDriverClass - INFO : Chrome Driver as initializing
23/01/23 04:02:08 PM Monday - BaseClass - INFO : Web Page Launched with URL : http://www.dummypoint.com/seleniumtemplate.html
23/01/23 04:02:08 PM Monday - BaseClass - INFO : WebElement found with locator value Form using LocatorType link
23/01/23 04:02:09 PM Monday - BaseClass - INFO : Clicked on WebElement with locator value Form using LocatorType link
